# JRE version: 7.0_25-b17
# Java VM: Java HotSpot(TM) Client VM (23.25-b01 mixed mode, sharing windows-x86 )
Heap
 def new generation   total 17664K, used 12389K [0x245b0000, 0x258d0000, 0x29b00000)
  eden space 15744K,  76% used [0x245b0000, 0x2517c4c8, 0x25510000)
  from space 1920K,  16% used [0x25510000, 0x2555cf60, 0x256f0000)
  to   space 1920K,   0% used [0x256f0000, 0x256f0000, 0x258d0000)
 tenured generation   total 39064K, used 33395K [0x29b00000, 0x2c126000, 0x345b0000)
   the space 39064K,  85% used [0x29b00000, 0x2bb9cd30, 0x2bb9ce00, 0x2c126000)
 compacting perm gen  total 12288K, used 4996K [0x345b0000, 0x351b0000, 0x385b0000)
   the space 12288K,  40% used [0x345b0000, 0x34a912f8, 0x34a91400, 0x351b0000)
    ro space 10240K,  45% used [0x385b0000, 0x38a39b28, 0x38a39c00, 0x38fb0000)
    rw space 12288K,  54% used [0x38fb0000, 0x3963d0e8, 0x3963d200, 0x39bb0000)
GC Heap History (10 events):
Event: 69.268 GC heap before
{Heap before GC invocations=14 (full 3):
 def new generation   total 17664K, used 17180K [0x245b0000, 0x258d0000, 0x29b00000)
  eden space 15744K, 100% used [0x245b0000, 0x25510000, 0x25510000)
  from space 1920K,  74% used [0x256f0000, 0x258573c8, 0x258d0000)
  to   space 1920K,   0% used [0x25510000, 0x25510000, 0x256f0000)
 tenured generation   total 39064K, used 23651K [0x29b00000, 0x2c126000, 0x345b0000)
   the space 39064K,  60% used [0x29b00000, 0x2b218d18, 0x2b218e00, 0x2c126000)
 compacting perm gen  total 12288K, used 3863K [0x345b0000, 0x351b0000, 0x385b0000)
   the space 12288K,  31% used [0x345b0000, 0x34975f40, 0x34976000, 0x351b0000)
    ro space 10240K,  45% used [0x385b0000, 0x38a39b28, 0x38a39c00, 0x38fb0000)
    rw space 12288K,  54% used [0x38fb0000, 0x3963d0e8, 0x3963d200, 0x39bb0000)
Event: 69.271 GC heap after
Heap after GC invocations=15 (full 3):
 def new generation   total 17664K, used 1413K [0x245b0000, 0x258d0000, 0x29b00000)
  eden space 15744K,   0% used [0x245b0000, 0x245b0000, 0x25510000)
  from space 1920K,  73% used [0x25510000, 0x25671568, 0x256f0000)
  to   space 1920K,   0% used [0x256f0000, 0x256f0000, 0x258d0000)
 tenured generation   total 39064K, used 24855K [0x29b00000, 0x2c126000, 0x345b0000)
   the space 39064K,  63% used [0x29b00000, 0x2b345e90, 0x2b346000, 0x2c126000)
 compacting perm gen  total 12288K, used 3863K [0x345b0000, 0x351b0000, 0x385b0000)
   the space 12288K,  31% used [0x345b0000, 0x34975f40, 0x34976000, 0x351b0000)
    ro space 10240K,  45% used [0x385b0000, 0x38a39b28, 0x38a39c00, 0x38fb0000)
    rw space 12288K,  54% used [0x38fb0000, 0x3963d0e8, 0x3963d200, 0x39bb0000)
}
Event: 84.663 GC heap before
{Heap before GC invocations=15 (full 3):
 def new generation   total 17664K, used 16545K [0x245b0000, 0x258d0000, 0x29b00000)
  eden space 15744K,  96% used [0x245b0000, 0x254770c8, 0x25510000)
  from space 1920K,  73% used [0x25510000, 0x25671568, 0x256f0000)
  to   space 1920K,   0% used [0x256f0000, 0x256f0000, 0x258d0000)
 tenured generation   total 39064K, used 24855K [0x29b00000, 0x2c126000, 0x345b0000)
   the space 39064K,  63% used [0x29b00000, 0x2b345e90, 0x2b346000, 0x2c126000)
 compacting perm gen  total 12288K, used 3886K [0x345b0000, 0x351b0000, 0x385b0000)
   the space 12288K,  31% used [0x345b0000, 0x3497b860, 0x3497ba00, 0x351b0000)
    ro space 10240K,  45% used [0x385b0000, 0x38a39b28, 0x38a39c00, 0x38fb0000)
    rw space 12288K,  54% used [0x38fb0000, 0x3963d0e8, 0x3963d200, 0x39bb0000)
Event: 84.669 GC heap after
Heap after GC invocations=16 (full 3):
 def new generation   total 17664K, used 1837K [0x245b0000, 0x258d0000, 0x29b00000)
  eden space 15744K,   0% used [0x245b0000, 0x245b0000, 0x25510000)
  from space 1920K,  95% used [0x256f0000, 0x258bb498, 0x258d0000)
  to   space 1920K,   0% used [0x25510000, 0x25510000, 0x256f0000)
 tenured generation   total 39064K, used 27448K [0x29b00000, 0x2c126000, 0x345b0000)
   the space 39064K,  70% used [0x29b00000, 0x2b5ce2c0, 0x2b5ce400, 0x2c126000)
 compacting perm gen  total 12288K, used 3886K [0x345b0000, 0x351b0000, 0x385b0000)
   the space 12288K,  31% used [0x345b0000, 0x3497b860, 0x3497ba00, 0x351b0000)
    ro space 10240K,  45% used [0x385b0000, 0x38a39b28, 0x38a39c00, 0x38fb0000)
    rw space 12288K,  54% used [0x38fb0000, 0x3963d0e8, 0x3963d200, 0x39bb0000)
}
Event: 89.292 GC heap before
{Heap before GC invocations=16 (full 3):
 def new generation   total 17664K, used 16878K [0x245b0000, 0x258d0000, 0x29b00000)
  eden space 15744K,  95% used [0x245b0000, 0x254604b8, 0x25510000)
  from space 1920K,  95% used [0x256f0000, 0x258bb498, 0x258d0000)
  to   space 1920K,   0% used [0x25510000, 0x25510000, 0x256f0000)
 tenured generation   total 39064K, used 27448K [0x29b00000, 0x2c126000, 0x345b0000)
   the space 39064K,  70% used [0x29b00000, 0x2b5ce2c0, 0x2b5ce400, 0x2c126000)
 compacting perm gen  total 12288K, used 3893K [0x345b0000, 0x351b0000, 0x385b0000)
   the space 12288K,  31% used [0x345b0000, 0x3497d628, 0x3497d800, 0x351b0000)
    ro space 10240K,  45% used [0x385b0000, 0x38a39b28, 0x38a39c00, 0x38fb0000)
    rw space 12288K,  54% used [0x38fb0000, 0x3963d0e8, 0x3963d200, 0x39bb0000)
Event: 89.297 GC heap after
Heap after GC invocations=17 (full 3):
 def new generation   total 17664K, used 1233K [0x245b0000, 0x258d0000, 0x29b00000)
  eden space 15744K,   0% used [0x245b0000, 0x245b0000, 0x25510000)
  from space 1920K,  64% used [0x25510000, 0x25644670, 0x256f0000)
  to   space 1920K,   0% used [0x256f0000, 0x256f0000, 0x258d0000)
 tenured generation   total 39064K, used 30471K [0x29b00000, 0x2c126000, 0x345b0000)
   the space 39064K,  78% used [0x29b00000, 0x2b8c1c48, 0x2b8c1e00, 0x2c126000)
 compacting perm gen  total 12288K, used 3893K [0x345b0000, 0x351b0000, 0x385b0000)
   the space 12288K,  31% used [0x345b0000, 0x3497d628, 0x3497d800, 0x351b0000)
    ro space 10240K,  45% used [0x385b0000, 0x38a39b28, 0x38a39c00, 0x38fb0000)
    rw space 12288K,  54% used [0x38fb0000, 0x3963d0e8, 0x3963d200, 0x39bb0000)
}
Event: 104.199 GC heap before
{Heap before GC invocations=17 (full 3):
 def new generation   total 17664K, used 16977K [0x245b0000, 0x258d0000, 0x29b00000)
  eden space 15744K, 100% used [0x245b0000, 0x25510000, 0x25510000)
  from space 1920K,  64% used [0x25510000, 0x25644670, 0x256f0000)
  to   space 1920K,   0% used [0x256f0000, 0x256f0000, 0x258d0000)
 tenured generation   total 39064K, used 30471K [0x29b00000, 0x2c126000, 0x345b0000)
   the space 39064K,  78% used [0x29b00000, 0x2b8c1c48, 0x2b8c1e00, 0x2c126000)
 compacting perm gen  total 12288K, used 4047K [0x345b0000, 0x351b0000, 0x385b0000)
   the space 12288K,  32% used [0x345b0000, 0x349a3f20, 0x349a4000, 0x351b0000)
    ro space 10240K,  45% used [0x385b0000, 0x38a39b28, 0x38a39c00, 0x38fb0000)
    rw space 12288K,  54% used [0x38fb0000, 0x3963d0e8, 0x3963d200, 0x39bb0000)
Event: 104.206 GC heap after
Heap after GC invocations=18 (full 3):
 def new generation   total 17664K, used 1762K [0x245b0000, 0x258d0000, 0x29b00000)
  eden space 15744K,   0% used [0x245b0000, 0x245b0000, 0x25510000)
  from space 1920K,  91% used [0x256f0000, 0x258a8818, 0x258d0000)
  to   space 1920K,   0% used [0x25510000, 0x25510000, 0x256f0000)
 tenured generation   total 39064K, used 31692K [0x29b00000, 0x2c126000, 0x345b0000)
   the space 39064K,  81% used [0x29b00000, 0x2b9f32a8, 0x2b9f3400, 0x2c126000)
 compacting perm gen  total 12288K, used 4047K [0x345b0000, 0x351b0000, 0x385b0000)
   the space 12288K,  32% used [0x345b0000, 0x349a3f20, 0x349a4000, 0x351b0000)
    ro space 10240K,  45% used [0x385b0000, 0x38a39b28, 0x38a39c00, 0x38fb0000)
    rw space 12288K,  54% used [0x38fb0000, 0x3963d0e8, 0x3963d200, 0x39bb0000)
}
Event: 134.894 GC heap before
{Heap before GC invocations=18 (full 3):
 def new generation   total 17664K, used 17506K [0x245b0000, 0x258d0000, 0x29b00000)
  eden space 15744K, 100% used [0x245b0000, 0x25510000, 0x25510000)
  from space 1920K,  91% used [0x256f0000, 0x258a8818, 0x258d0000)
  to   space 1920K,   0% used [0x25510000, 0x25510000, 0x256f0000)
 tenured generation   total 39064K, used 31692K [0x29b00000, 0x2c126000, 0x345b0000)
   the space 39064K,  81% used [0x29b00000, 0x2b9f32a8, 0x2b9f3400, 0x2c126000)
 compacting perm gen  total 12288K, used 4123K [0x345b0000, 0x351b0000, 0x385b0000)
   the space 12288K,  33% used [0x345b0000, 0x349b6f68, 0x349b7000, 0x351b0000)
    ro space 10240K,  45% used [0x385b0000, 0x38a39b28, 0x38a39c00, 0x38fb0000)
    rw space 12288K,  54% used [0x38fb0000, 0x3963d0e8, 0x3963d200, 0x39bb0000)
Event: 134.901 GC heap after
Heap after GC invocations=19 (full 3):
 def new generation   total 17664K, used 307K [0x245b0000, 0x258d0000, 0x29b00000)
  eden space 15744K,   0% used [0x245b0000, 0x245b0000, 0x25510000)
  from space 1920K,  16% used [0x25510000, 0x2555cf60, 0x256f0000)
  to   space 1920K,   0% used [0x256f0000, 0x256f0000, 0x258d0000)
 tenured generation   total 39064K, used 33395K [0x29b00000, 0x2c126000, 0x345b0000)
   the space 39064K,  85% used [0x29b00000, 0x2bb9cd30, 0x2bb9ce00, 0x2c126000)
 compacting perm gen  total 12288K, used 4123K [0x345b0000, 0x351b0000, 0x385b0000)
   the space 12288K,  33% used [0x345b0000, 0x349b6f68, 0x349b7000, 0x351b0000)
    ro space 10240K,  45% used [0x385b0000, 0x38a39b28, 0x38a39c00, 0x38fb0000)
    rw space 12288K,  54% used [0x38fb0000, 0x3963d0e8, 0x3963d200, 0x39bb0000)
}

